<<<<<<< HEAD
<<<<<<< HEAD
=======
>>>>>>> parent of 9a26152... Revert "UI started - Life"
Base path: D:/Program Files (x86)/Unity/Editor/Data
Pipe name: \\.\pipe\UnityShaderCompiler-64bit-1-13828
Cmd: getPlatforms
Cmd: compileSnippet
  api=4 type=0 insize=1089 outsize=1298 kw= ok=1
Cmd: compileSnippet
<<<<<<< HEAD
  api=4 type=1 insize=1028 outsize=754 kw= ok=1
=======
Base path: C:/Program Files/Unity/Editor/Data
Pipe name: \\.\pipe\UnityShaderCompiler-64bit-1-9276
Cmd: getPlatforms
>>>>>>> refs/remotes/origin/Player
=======
  api=4 type=1 insize=1089 outsize=990 kw= ok=1
>>>>>>> parent of 9a26152... Revert "UI started - Life"
